TN:
SF:squeezeboxrpc.js
FN:19,(anonymous_0)
FN:33,(anonymous_1)
FN:56,(anonymous_2)
FN:64,(anonymous_3)
FN:75,(anonymous_4)
FN:90,(anonymous_5)
FNF:6
FNH:0
FNDA:0,(anonymous_0)
FNDA:0,(anonymous_1)
FNDA:0,(anonymous_2)
FNDA:0,(anonymous_3)
FNDA:0,(anonymous_4)
FNDA:0,(anonymous_5)
DA:9,0
DA:10,0
DA:13,0
DA:20,0
DA:24,0
DA:25,0
DA:26,0
DA:27,0
DA:37,0
DA:40,0
DA:42,0
DA:43,0
DA:44,0
DA:46,0
DA:47,0
DA:57,0
DA:58,0
DA:59,0
DA:61,0
DA:65,0
DA:66,0
DA:76,0
DA:78,0
DA:79,0
DA:85,0
DA:90,0
DA:93,0
LF:27
LH:0
BRDA:42,0,0,0
BRDA:42,0,1,0
BRDA:65,1,0,0
BRDA:65,1,1,0
BRDA:65,2,0,0
BRDA:65,2,1,0
BRDA:76,3,0,0
BRDA:76,3,1,0
BRDA:78,4,0,0
BRDA:78,4,1,0
BRDA:85,5,0,0
BRDA:85,5,1,0
BRF:12
BRH:0
end_of_record
TN:
SF:lib\announce.js
FN:15,getResultValue
FN:26,validateSource
FN:50,(anonymous_2)
FN:56,(anonymous_3)
FN:83,(anonymous_4)
FN:100,(anonymous_5)
FN:187,(anonymous_6)
FN:192,(anonymous_7)
FN:208,(anonymous_8)
FN:209,(anonymous_9)
FN:231,(anonymous_10)
FN:240,(anonymous_11)
FN:271,(anonymous_12)
FN:292,(anonymous_13)
FN:296,(anonymous_14)
FN:300,(anonymous_15)
FNF:16
FNH:14
FNDA:43,getResultValue
FNDA:6,validateSource
FNDA:12,(anonymous_2)
FNDA:0,(anonymous_3)
FNDA:0,(anonymous_4)
FNDA:7,(anonymous_5)
FNDA:18,(anonymous_6)
FNDA:7,(anonymous_7)
FNDA:12,(anonymous_8)
FNDA:12,(anonymous_9)
FNDA:6,(anonymous_10)
FNDA:7,(anonymous_11)
FNDA:25,(anonymous_12)
FNDA:41,(anonymous_13)
FNDA:113,(anonymous_14)
FNDA:10,(anonymous_15)
DA:4,1
DA:5,1
DA:7,1
DA:8,1
DA:9,1
DA:10,1
DA:11,1
DA:12,1
DA:13,1
DA:16,43
DA:17,0
DA:19,43
DA:20,42
DA:22,1
DA:23,1
DA:27,6
DA:28,0
DA:30,6
DA:32,6
DA:33,2
DA:34,2
DA:35,1
DA:37,1
DA:39,4
DA:40,1
DA:42,3
DA:43,3
DA:44,0
DA:46,3
DA:51,12
DA:52,12
DA:53,12
DA:57,0
DA:58,0
DA:60,0
DA:62,0
DA:63,0
DA:64,0
DA:67,0
DA:68,0
DA:70,0
DA:71,0
DA:72,0
DA:74,0
DA:79,0
DA:84,0
DA:87,0
DA:88,0
DA:92,0
DA:94,0
DA:95,0
DA:96,0
DA:97,0
DA:101,7
DA:102,7
DA:103,7
DA:104,7
DA:105,7
DA:106,7
DA:107,7
DA:108,7
DA:110,7
DA:111,7
DA:112,5
DA:113,5
DA:114,1
DA:115,1
DA:117,4
DA:120,7
DA:121,7
DA:122,7
DA:123,7
DA:124,7
DA:125,7
DA:127,0
DA:129,7
DA:130,7
DA:131,6
DA:132,6
DA:133,1
DA:134,1
DA:138,1
DA:139,1
DA:142,1
DA:145,7
DA:146,7
DA:147,7
DA:148,5
DA:149,5
DA:150,4
DA:152,5
DA:153,1
DA:154,1
DA:156,4
DA:161,0
DA:162,0
DA:165,0
DA:168,7
DA:169,7
DA:170,6
DA:174,0
DA:175,0
DA:178,0
DA:182,7
DA:183,1
DA:188,18
DA:189,18
DA:193,7
DA:194,7
DA:195,7
DA:196,7
DA:197,7
DA:198,7
DA:199,7
DA:200,7
DA:201,7
DA:202,7
DA:203,7
DA:206,6
DA:207,6
DA:208,12
DA:209,12
DA:217,7
DA:218,0
DA:220,7
DA:232,6
DA:233,6
DA:234,6
DA:235,6
DA:237,5
DA:241,7
DA:242,7
DA:243,7
DA:244,7
DA:245,7
DA:246,7
DA:248,0
DA:249,0
DA:251,0
DA:253,7
DA:254,7
DA:255,7
DA:256,7
DA:258,0
DA:259,0
DA:263,0
DA:264,0
DA:266,0
DA:268,0
DA:272,25
DA:273,25
DA:275,25
DA:276,25
DA:277,27
DA:278,27
DA:279,25
DA:281,2
DA:282,0
DA:284,2
DA:287,0
DA:293,41
DA:297,113
DA:301,10
DA:305,1
LF:164
LH:121
BRDA:16,0,0,0
BRDA:16,0,1,43
BRDA:19,1,0,42
BRDA:19,1,1,1
BRDA:23,2,0,1
BRDA:23,2,1,0
BRDA:27,3,0,0
BRDA:27,3,1,6
BRDA:27,4,0,6
BRDA:27,4,1,6
BRDA:32,5,0,2
BRDA:32,5,1,4
BRDA:34,6,0,1
BRDA:34,6,1,1
BRDA:35,7,0,1
BRDA:35,7,1,0
BRDA:39,8,0,1
BRDA:39,8,1,3
BRDA:39,9,0,4
BRDA:39,9,1,1
BRDA:43,10,0,0
BRDA:43,10,1,3
BRDA:44,11,0,0
BRDA:44,11,1,0
BRDA:57,12,0,0
BRDA:57,12,1,0
BRDA:64,13,0,0
BRDA:64,13,1,0
BRDA:70,14,0,0
BRDA:70,14,1,0
BRDA:84,15,0,0
BRDA:84,15,1,0
BRDA:87,16,0,0
BRDA:87,16,1,0
BRDA:106,17,0,7
BRDA:106,17,1,0
BRDA:111,18,0,5
BRDA:111,18,1,2
BRDA:113,19,0,1
BRDA:113,19,1,4
BRDA:127,20,0,0
BRDA:127,20,1,0
BRDA:127,21,0,0
BRDA:127,21,1,0
BRDA:130,22,0,6
BRDA:130,22,1,1
BRDA:133,23,0,1
BRDA:133,23,1,0
BRDA:138,24,0,1
BRDA:138,24,1,0
BRDA:138,25,0,0
BRDA:138,25,1,0
BRDA:145,26,0,7
BRDA:145,26,1,0
BRDA:147,27,0,5
BRDA:147,27,1,2
BRDA:147,28,0,7
BRDA:147,28,1,5
BRDA:149,29,0,4
BRDA:149,29,1,1
BRDA:149,30,0,5
BRDA:149,30,1,4
BRDA:152,31,0,1
BRDA:152,31,1,4
BRDA:161,32,0,0
BRDA:161,32,1,0
BRDA:161,33,0,0
BRDA:161,33,1,0
BRDA:169,34,0,6
BRDA:169,34,1,1
BRDA:169,35,0,7
BRDA:169,35,1,1
BRDA:169,35,2,1
BRDA:174,36,0,0
BRDA:174,36,1,0
BRDA:174,37,0,0
BRDA:174,37,1,0
BRDA:182,38,0,1
BRDA:182,38,1,6
BRDA:189,39,0,7
BRDA:189,39,1,11
BRDA:189,40,0,18
BRDA:189,40,1,7
BRDA:203,41,0,0
BRDA:203,41,1,7
BRDA:205,42,0,7
BRDA:205,42,1,0
BRDA:206,43,0,6
BRDA:206,43,1,0
BRDA:208,44,0,12
BRDA:208,44,1,12
BRDA:208,44,2,12
BRDA:211,45,0,12
BRDA:211,45,1,0
BRDA:217,46,0,0
BRDA:217,46,1,7
BRDA:217,47,0,7
BRDA:217,47,1,1
BRDA:217,47,2,1
BRDA:221,48,0,7
BRDA:221,48,1,0
BRDA:222,49,0,7
BRDA:222,49,1,0
BRDA:225,50,0,7
BRDA:225,50,1,0
BRDA:227,51,0,6
BRDA:227,51,1,1
BRDA:227,52,0,7
BRDA:227,52,1,7
BRDA:227,52,2,7
BRDA:245,53,0,7
BRDA:245,53,1,0
BRDA:245,54,0,7
BRDA:245,54,1,7
BRDA:248,55,0,0
BRDA:248,55,1,0
BRDA:253,56,0,7
BRDA:253,56,1,0
BRDA:253,57,0,7
BRDA:253,57,1,7
BRDA:254,58,0,7
BRDA:254,58,1,0
BRDA:263,59,0,0
BRDA:263,59,1,0
BRDA:263,60,0,0
BRDA:263,60,1,0
BRDA:263,60,2,0
BRDA:278,61,0,25
BRDA:278,61,1,2
BRDA:278,62,0,27
BRDA:278,62,1,27
BRDA:281,63,0,0
BRDA:281,63,1,2
BRDA:288,64,0,0
BRDA:288,64,1,0
BRF:135
BRH:79
end_of_record
TN:
SF:lib\ioUtil.js
FN:12,(anonymous_0)
FN:27,(anonymous_1)
FN:45,(anonymous_2)
FN:63,(anonymous_3)
FN:81,(anonymous_4)
FN:100,(anonymous_5)
FN:120,(anonymous_6)
FN:123,(anonymous_7)
FN:148,(anonymous_8)
FN:161,(anonymous_9)
FN:175,(anonymous_10)
FN:189,(anonymous_11)
FN:203,(anonymous_12)
FN:214,(anonymous_13)
FN:227,(anonymous_14)
FN:240,(anonymous_15)
FN:253,(anonymous_16)
FN:267,(anonymous_17)
FN:281,(anonymous_18)
FN:294,(anonymous_19)
FN:306,(anonymous_20)
FN:318,(anonymous_21)
FN:320,(anonymous_22)
FN:326,(anonymous_23)
FN:336,(anonymous_24)
FN:346,(anonymous_25)
FN:356,(anonymous_26)
FN:364,(anonymous_27)
FN:374,(anonymous_28)
FN:386,(anonymous_29)
FN:399,(anonymous_30)
FN:413,convertObjects
FN:414,(anonymous_32)
FNF:33
FNH:33
FNDA:6,(anonymous_0)
FNDA:1,(anonymous_1)
FNDA:1,(anonymous_2)
FNDA:1,(anonymous_3)
FNDA:1,(anonymous_4)
FNDA:1,(anonymous_5)
FNDA:2,(anonymous_6)
FNDA:2,(anonymous_7)
FNDA:1,(anonymous_8)
FNDA:1,(anonymous_9)
FNDA:1,(anonymous_10)
FNDA:1,(anonymous_11)
FNDA:2,(anonymous_12)
FNDA:1,(anonymous_13)
FNDA:1,(anonymous_14)
FNDA:1,(anonymous_15)
FNDA:1,(anonymous_16)
FNDA:2,(anonymous_17)
FNDA:3,(anonymous_18)
FNDA:3,(anonymous_19)
FNDA:1,(anonymous_20)
FNDA:1,(anonymous_21)
FNDA:1,(anonymous_22)
FNDA:1,(anonymous_23)
FNDA:8,(anonymous_24)
FNDA:21,(anonymous_25)
FNDA:1,(anonymous_26)
FNDA:1,(anonymous_27)
FNDA:1,(anonymous_28)
FNDA:1,(anonymous_29)
FNDA:3,(anonymous_30)
FNDA:1,convertObjects
FNDA:2,(anonymous_32)
DA:13,6
DA:14,6
DA:15,6
DA:16,6
DA:17,6
DA:28,1
DA:29,1
DA:30,1
DA:35,1
DA:46,1
DA:47,1
DA:48,1
DA:53,1
DA:64,1
DA:65,1
DA:66,1
DA:71,1
DA:82,1
DA:83,1
DA:84,1
DA:90,1
DA:101,1
DA:102,1
DA:103,1
DA:110,1
DA:121,2
DA:122,2
DA:123,2
DA:124,2
DA:129,2
DA:130,1
DA:134,1
DA:135,1
DA:149,1
DA:150,1
DA:151,1
DA:162,1
DA:163,1
DA:164,1
DA:176,1
DA:177,1
DA:178,1
DA:190,1
DA:191,1
DA:192,1
DA:204,2
DA:205,2
DA:206,2
DA:215,1
DA:216,1
DA:228,1
DA:229,1
DA:230,1
DA:241,1
DA:242,1
DA:243,1
DA:254,1
DA:255,1
DA:256,1
DA:268,2
DA:269,2
DA:270,2
DA:282,3
DA:283,3
DA:284,1
DA:286,2
DA:287,2
DA:295,3
DA:296,3
DA:297,2
DA:299,3
DA:307,1
DA:308,1
DA:309,1
DA:311,1
DA:319,1
DA:320,1
DA:327,1
DA:328,1
DA:329,1
DA:337,8
DA:338,1
DA:347,21
DA:348,1
DA:357,1
DA:365,1
DA:375,1
DA:376,2
DA:377,2
DA:387,1
DA:400,3
DA:401,3
DA:402,1
DA:404,2
DA:414,1
DA:415,2
DA:416,2
DA:419,1
LF:98
LH:98
BRDA:29,0,0,1
BRDA:29,0,1,0
BRDA:29,1,0,1
BRDA:29,1,1,0
BRDA:47,2,0,1
BRDA:47,2,1,0
BRDA:47,3,0,1
BRDA:47,3,1,0
BRDA:65,4,0,1
BRDA:65,4,1,0
BRDA:65,5,0,1
BRDA:65,5,1,0
BRDA:83,6,0,1
BRDA:83,6,1,0
BRDA:83,7,0,1
BRDA:83,7,1,0
BRDA:102,8,0,1
BRDA:102,8,1,0
BRDA:102,9,0,0
BRDA:102,9,1,1
BRDA:122,10,0,1
BRDA:122,10,1,1
BRDA:122,11,0,1
BRDA:122,11,1,1
BRDA:129,12,0,1
BRDA:129,12,1,1
BRDA:130,13,0,1
BRDA:130,13,1,0
BRDA:134,14,0,1
BRDA:134,14,1,0
BRDA:150,15,0,1
BRDA:150,15,1,0
BRDA:150,16,0,1
BRDA:150,16,1,0
BRDA:163,17,0,1
BRDA:163,17,1,0
BRDA:163,18,0,1
BRDA:163,18,1,0
BRDA:177,19,0,1
BRDA:177,19,1,0
BRDA:177,20,0,1
BRDA:177,20,1,0
BRDA:191,21,0,1
BRDA:191,21,1,0
BRDA:191,22,0,1
BRDA:191,22,1,0
BRDA:205,23,0,2
BRDA:205,23,1,0
BRDA:205,24,0,2
BRDA:205,24,1,0
BRDA:206,25,0,1
BRDA:206,25,1,1
BRDA:228,26,0,1
BRDA:228,26,1,0
BRDA:228,27,0,1
BRDA:228,27,1,0
BRDA:229,28,0,1
BRDA:229,28,1,0
BRDA:229,29,0,1
BRDA:229,29,1,0
BRDA:240,30,0,0
BRDA:240,31,0,0
BRDA:240,32,0,0
BRDA:242,33,0,1
BRDA:242,33,1,0
BRDA:242,34,0,1
BRDA:242,34,1,0
BRDA:255,35,0,1
BRDA:255,35,1,0
BRDA:255,36,0,1
BRDA:255,36,1,0
BRDA:269,37,0,2
BRDA:269,37,1,0
BRDA:269,38,0,2
BRDA:269,38,1,0
BRDA:270,39,0,1
BRDA:270,39,1,1
BRDA:281,40,0,2
BRDA:281,41,0,2
BRDA:283,42,0,1
BRDA:283,42,1,2
BRDA:296,43,0,2
BRDA:296,43,1,1
BRDA:308,44,0,1
BRDA:308,44,1,0
BRDA:337,45,0,1
BRDA:337,45,1,7
BRDA:347,46,0,1
BRDA:347,46,1,20
BRDA:401,47,0,1
BRDA:401,47,1,2
BRDA:401,48,0,3
BRDA:401,48,1,3
BRDA:401,48,2,2
BRF:94
BRH:58
end_of_record
TN:
SF:lib\iosbplayer.js
FN:64,ioSBPlayer
FN:598,(anonymous_1)
FN:606,(anonymous_2)
FN:613,(anonymous_3)
FN:633,(anonymous_4)
FN:658,(anonymous_5)
FN:669,(anonymous_6)
FN:735,(anonymous_7)
FN:845,(anonymous_8)
FN:861,(anonymous_9)
FN:918,(anonymous_10)
FN:924,(anonymous_11)
FN:1043,(anonymous_12)
FN:1046,(anonymous_13)
FN:1057,(anonymous_14)
FN:1076,(anonymous_15)
FN:1090,(anonymous_16)
FN:1093,(anonymous_17)
FN:1122,(anonymous_18)
FN:1136,(anonymous_19)
FN:1139,(anonymous_20)
FN:1154,(anonymous_21)
FN:1157,(anonymous_22)
FN:1160,(anonymous_23)
FN:1161,(anonymous_24)
FN:1164,(anonymous_25)
FN:1173,(anonymous_26)
FN:1183,(anonymous_27)
FN:1188,(anonymous_28)
FN:1193,(anonymous_29)
FN:1196,(anonymous_30)
FNF:31
FNH:15
FNDA:3,ioSBPlayer
FNDA:3,(anonymous_1)
FNDA:6,(anonymous_2)
FNDA:0,(anonymous_3)
FNDA:0,(anonymous_4)
FNDA:0,(anonymous_5)
FNDA:5,(anonymous_6)
FNDA:5,(anonymous_7)
FNDA:3,(anonymous_8)
FNDA:3,(anonymous_9)
FNDA:0,(anonymous_10)
FNDA:0,(anonymous_11)
FNDA:6,(anonymous_12)
FNDA:1,(anonymous_13)
FNDA:0,(anonymous_14)
FNDA:0,(anonymous_15)
FNDA:129,(anonymous_16)
FNDA:129,(anonymous_17)
FNDA:0,(anonymous_18)
FNDA:0,(anonymous_19)
FNDA:119,(anonymous_20)
FNDA:3,(anonymous_21)
FNDA:3,(anonymous_22)
FNDA:0,(anonymous_23)
FNDA:0,(anonymous_24)
FNDA:0,(anonymous_25)
FNDA:119,(anonymous_26)
FNDA:0,(anonymous_27)
FNDA:0,(anonymous_28)
FNDA:0,(anonymous_29)
FNDA:0,(anonymous_30)
DA:2,2
DA:3,2
DA:65,3
DA:66,3
DA:67,3
DA:68,3
DA:73,3
DA:74,3
DA:75,3
DA:76,3
DA:77,3
DA:78,3
DA:79,3
DA:80,3
DA:81,3
DA:82,3
DA:83,3
DA:85,3
DA:87,3
DA:88,3
DA:89,3
DA:90,3
DA:92,3
DA:95,3
DA:248,3
DA:362,3
DA:481,3
DA:580,3
DA:581,3
DA:582,3
DA:583,3
DA:598,3
DA:599,3
DA:600,3
DA:601,3
DA:602,3
DA:603,3
DA:604,3
DA:606,6
DA:613,3
DA:614,0
DA:615,0
DA:616,0
DA:633,3
DA:634,0
DA:635,0
DA:636,0
DA:637,0
DA:639,0
DA:641,0
DA:642,0
DA:643,0
DA:658,3
DA:659,0
DA:660,0
DA:661,0
DA:669,3
DA:670,5
DA:671,5
DA:672,5
DA:674,5
DA:675,90
DA:676,90
DA:677,5
DA:679,85
DA:680,5
DA:682,80
DA:683,5
DA:685,75
DA:686,5
DA:688,70
DA:689,5
DA:690,5
DA:691,0
DA:693,5
DA:694,0
DA:696,5
DA:697,0
DA:699,5
DA:700,0
DA:701,0
DA:703,0
DA:704,0
DA:706,0
DA:707,0
DA:710,65
DA:711,52
DA:712,4
DA:715,13
DA:717,57
DA:724,5
DA:730,5
DA:731,0
DA:734,5
DA:736,5
DA:739,5
DA:740,5
DA:741,70
DA:742,70
DA:743,15
DA:745,55
DA:746,3
DA:747,3
DA:754,52
DA:755,5
DA:757,52
DA:758,42
DA:768,5
DA:769,5
DA:770,4
DA:773,4
DA:781,5
DA:782,5
DA:787,4
DA:795,5
DA:796,4
DA:797,4
DA:798,4
DA:799,4
DA:800,4
DA:801,4
DA:802,48
DA:803,10
DA:804,10
DA:805,4
DA:806,3
DA:808,1
DA:811,9
DA:812,0
DA:814,9
DA:815,1
DA:816,1
DA:817,1
DA:818,0
DA:821,9
DA:824,4
DA:826,4
DA:827,4
DA:828,0
DA:835,4
DA:843,5
DA:845,3
DA:846,3
DA:847,3
DA:848,3
DA:850,3
DA:851,3
DA:853,3
DA:854,0
DA:856,3
DA:857,3
DA:859,3
DA:861,3
DA:862,3
DA:863,3
DA:864,0
DA:866,3
DA:867,3
DA:869,3
DA:870,54
DA:871,54
DA:872,3
DA:874,51
DA:875,51
DA:878,3
DA:880,42
DA:881,42
DA:882,39
DA:885,3
DA:886,39
DA:887,39
DA:888,39
DA:889,39
DA:918,3
DA:919,0
DA:920,0
DA:921,0
DA:922,0
DA:923,0
DA:924,0
DA:925,0
DA:926,0
DA:930,0
DA:931,0
DA:932,0
DA:933,0
DA:936,0
DA:937,0
DA:938,0
DA:940,0
DA:941,0
DA:944,0
DA:945,0
DA:946,0
DA:948,0
DA:949,0
DA:951,0
DA:952,0
DA:955,0
DA:956,0
DA:957,0
DA:959,0
DA:960,0
DA:962,0
DA:963,0
DA:966,0
DA:967,0
DA:968,0
DA:970,0
DA:971,0
DA:973,0
DA:974,0
DA:977,0
DA:981,0
DA:982,0
DA:984,0
DA:985,0
DA:986,0
DA:989,0
DA:990,0
DA:991,0
DA:994,0
DA:995,0
DA:996,0
DA:997,0
DA:1000,0
DA:1001,0
DA:1002,0
DA:1003,0
DA:1006,0
DA:1007,0
DA:1008,0
DA:1009,0
DA:1010,0
DA:1012,0
DA:1014,0
DA:1017,0
DA:1018,0
DA:1019,0
DA:1020,0
DA:1023,0
DA:1024,0
DA:1025,0
DA:1026,0
DA:1029,0
DA:1030,0
DA:1031,0
DA:1032,0
DA:1033,0
DA:1043,3
DA:1044,6
DA:1046,3
DA:1047,1
DA:1048,1
DA:1049,1
DA:1050,0
DA:1052,1
DA:1053,1
DA:1055,0
DA:1057,3
DA:1064,0
DA:1065,0
DA:1066,0
DA:1067,0
DA:1068,0
DA:1076,3
DA:1077,0
DA:1078,0
DA:1079,0
DA:1090,3
DA:1091,129
DA:1092,129
DA:1093,129
DA:1094,129
DA:1099,129
DA:1100,0
DA:1104,129
DA:1105,0
DA:1109,129
DA:1110,129
DA:1122,3
DA:1123,0
DA:1124,0
DA:1136,3
DA:1137,0
DA:1139,3
DA:1140,119
DA:1141,119
DA:1142,88
DA:1143,88
DA:1144,85
DA:1146,88
DA:1148,119
DA:1149,0
DA:1150,0
DA:1151,0
DA:1154,3
DA:1155,3
DA:1157,3
DA:1158,3
DA:1160,3
DA:1161,0
DA:1162,0
DA:1164,0
DA:1165,0
DA:1166,0
DA:1168,0
DA:1173,3
DA:1174,119
DA:1175,83
DA:1177,36
DA:1178,36
DA:1180,0
DA:1181,0
DA:1183,3
DA:1184,0
DA:1185,0
DA:1188,3
DA:1189,0
DA:1190,0
DA:1193,3
DA:1194,0
DA:1196,3
DA:1197,0
DA:1200,3
DA:1202,2
LF:326
LH:190
BRDA:603,0,0,3
BRDA:603,0,1,3
BRDA:633,1,0,0
BRDA:635,2,0,0
BRDA:635,2,1,0
BRDA:635,3,0,0
BRDA:635,3,1,0
BRDA:642,4,0,0
BRDA:642,4,1,0
BRDA:676,5,0,5
BRDA:676,5,1,85
BRDA:679,6,0,5
BRDA:679,6,1,80
BRDA:682,7,0,5
BRDA:682,7,1,75
BRDA:685,8,0,5
BRDA:685,8,1,70
BRDA:688,9,0,5
BRDA:688,9,1,65
BRDA:690,10,0,0
BRDA:690,10,1,5
BRDA:693,11,0,0
BRDA:693,11,1,5
BRDA:696,12,0,0
BRDA:696,12,1,5
BRDA:699,13,0,0
BRDA:699,13,1,5
BRDA:700,14,0,0
BRDA:700,14,1,0
BRDA:703,15,0,0
BRDA:703,15,1,0
BRDA:706,16,0,0
BRDA:706,16,1,0
BRDA:710,17,0,52
BRDA:710,17,1,13
BRDA:711,18,0,4
BRDA:711,18,1,48
BRDA:730,19,0,0
BRDA:730,19,1,5
BRDA:739,20,0,5
BRDA:739,20,1,0
BRDA:742,21,0,15
BRDA:742,21,1,55
BRDA:742,22,0,70
BRDA:742,22,1,65
BRDA:742,22,2,60
BRDA:745,23,0,3
BRDA:745,23,1,52
BRDA:754,24,0,5
BRDA:754,24,1,47
BRDA:754,25,0,52
BRDA:754,25,1,5
BRDA:757,26,0,42
BRDA:757,26,1,10
BRDA:768,27,0,5
BRDA:768,27,1,4
BRDA:769,28,0,4
BRDA:769,28,1,1
BRDA:769,29,0,5
BRDA:769,29,1,2
BRDA:769,29,2,1
BRDA:770,30,0,3
BRDA:770,30,1,1
BRDA:772,31,0,1
BRDA:772,31,1,0
BRDA:781,32,0,5
BRDA:781,32,1,4
BRDA:781,32,2,2
BRDA:782,33,0,4
BRDA:782,33,1,1
BRDA:783,34,0,5
BRDA:783,34,1,4
BRDA:783,34,2,2
BRDA:795,35,0,4
BRDA:795,35,1,1
BRDA:802,36,0,10
BRDA:802,36,1,38
BRDA:804,37,0,4
BRDA:804,37,1,6
BRDA:805,38,0,3
BRDA:805,38,1,1
BRDA:811,39,0,0
BRDA:811,39,1,9
BRDA:811,40,0,9
BRDA:811,40,1,1
BRDA:811,40,2,1
BRDA:814,41,0,1
BRDA:814,41,1,8
BRDA:817,42,0,0
BRDA:817,42,1,1
BRDA:817,43,0,1
BRDA:817,43,1,0
BRDA:827,44,0,0
BRDA:827,44,1,4
BRDA:847,45,0,3
BRDA:847,45,1,0
BRDA:850,46,0,3
BRDA:850,46,1,0
BRDA:853,47,0,0
BRDA:853,47,1,3
BRDA:856,48,0,3
BRDA:856,48,1,0
BRDA:863,49,0,0
BRDA:863,49,1,3
BRDA:866,50,0,3
BRDA:866,50,1,0
BRDA:871,51,0,3
BRDA:871,51,1,51
BRDA:871,52,0,54
BRDA:871,52,1,3
BRDA:874,53,0,51
BRDA:874,53,1,0
BRDA:881,54,0,39
BRDA:881,54,1,3
BRDA:887,55,0,39
BRDA:887,55,1,0
BRDA:921,56,0,0
BRDA:921,56,1,0
BRDA:922,57,0,0
BRDA:922,57,1,0
BRDA:925,58,0,0
BRDA:925,58,1,0
BRDA:925,59,0,0
BRDA:925,59,1,0
BRDA:930,60,0,0
BRDA:930,60,1,0
BRDA:931,61,0,0
BRDA:931,61,1,0
BRDA:936,62,0,0
BRDA:936,62,1,0
BRDA:937,63,0,0
BRDA:937,63,1,0
BRDA:940,64,0,0
BRDA:940,64,1,0
BRDA:944,65,0,0
BRDA:944,65,1,0
BRDA:945,66,0,0
BRDA:945,66,1,0
BRDA:948,67,0,0
BRDA:948,67,1,0
BRDA:951,68,0,0
BRDA:951,68,1,0
BRDA:955,69,0,0
BRDA:955,69,1,0
BRDA:956,70,0,0
BRDA:956,70,1,0
BRDA:959,71,0,0
BRDA:959,71,1,0
BRDA:962,72,0,0
BRDA:962,72,1,0
BRDA:966,73,0,0
BRDA:966,73,1,0
BRDA:967,74,0,0
BRDA:967,74,1,0
BRDA:970,75,0,0
BRDA:970,75,1,0
BRDA:973,76,0,0
BRDA:973,76,1,0
BRDA:977,77,0,0
BRDA:977,77,1,0
BRDA:981,78,0,0
BRDA:981,78,1,0
BRDA:984,79,0,0
BRDA:984,79,1,0
BRDA:984,80,0,0
BRDA:984,80,1,0
BRDA:989,81,0,0
BRDA:989,81,1,0
BRDA:990,82,0,0
BRDA:990,82,1,0
BRDA:990,83,0,0
BRDA:990,83,1,0
BRDA:994,84,0,0
BRDA:994,84,1,0
BRDA:995,85,0,0
BRDA:995,85,1,0
BRDA:1000,86,0,0
BRDA:1000,86,1,0
BRDA:1001,87,0,0
BRDA:1001,87,1,0
BRDA:1006,88,0,0
BRDA:1006,88,1,0
BRDA:1007,89,0,0
BRDA:1007,89,1,0
BRDA:1017,90,0,0
BRDA:1017,90,1,0
BRDA:1018,91,0,0
BRDA:1018,91,1,0
BRDA:1023,92,0,0
BRDA:1023,92,1,0
BRDA:1024,93,0,0
BRDA:1024,93,1,0
BRDA:1029,94,0,0
BRDA:1029,94,1,0
BRDA:1031,95,0,0
BRDA:1031,95,1,0
BRDA:1049,96,0,0
BRDA:1049,96,1,1
BRDA:1049,97,0,1
BRDA:1049,97,1,0
BRDA:1052,98,0,1
BRDA:1052,98,1,0
BRDA:1092,99,0,129
BRDA:1092,99,1,0
BRDA:1092,100,0,129
BRDA:1092,100,1,0
BRDA:1099,101,0,0
BRDA:1099,101,1,129
BRDA:1100,102,0,0
BRDA:1100,102,1,0
BRDA:1104,103,0,0
BRDA:1104,103,1,129
BRDA:1123,104,0,0
BRDA:1123,104,1,0
BRDA:1139,105,0,119
BRDA:1140,106,0,119
BRDA:1140,106,1,0
BRDA:1140,107,0,119
BRDA:1140,107,1,0
BRDA:1141,108,0,88
BRDA:1141,108,1,31
BRDA:1141,109,0,119
BRDA:1141,109,1,88
BRDA:1143,110,0,85
BRDA:1143,110,1,3
BRDA:1148,111,0,0
BRDA:1148,111,1,119
BRDA:1165,112,0,0
BRDA:1165,112,1,0
BRDA:1174,113,0,83
BRDA:1174,113,1,36
BRDA:1177,114,0,36
BRDA:1177,114,1,0
BRDA:1184,115,0,0
BRDA:1184,115,1,0
BRDA:1189,116,0,0
BRDA:1189,116,1,0
BRF:237
BRH:104
end_of_record
TN:
SF:lib\iosbserver.js
FN:18,getPlayerNames
FN:20,(anonymous_1)
FN:21,(anonymous_2)
FN:33,IoSbServer
FN:265,(anonymous_4)
FN:266,(anonymous_5)
FN:267,(anonymous_6)
FN:279,(anonymous_7)
FN:306,(anonymous_8)
FN:321,(anonymous_9)
FN:338,(anonymous_10)
FN:361,(anonymous_11)
FN:378,(anonymous_12)
FN:403,(anonymous_13)
FN:417,(anonymous_14)
FN:419,(anonymous_15)
FN:436,(anonymous_16)
FN:464,(anonymous_17)
FN:467,(anonymous_18)
FN:474,(anonymous_19)
FN:475,(anonymous_20)
FN:476,(anonymous_21)
FN:477,(anonymous_22)
FN:484,(anonymous_23)
FN:499,(anonymous_24)
FN:508,(anonymous_25)
FN:516,(anonymous_26)
FN:526,(anonymous_27)
FN:546,(anonymous_28)
FN:561,(anonymous_29)
FN:570,(anonymous_30)
FN:572,(anonymous_31)
FN:595,(anonymous_32)
FN:601,(anonymous_33)
FN:621,(anonymous_34)
FN:623,(anonymous_35)
FN:625,(anonymous_36)
FN:628,(anonymous_37)
FN:645,(anonymous_38)
FN:650,(anonymous_39)
FN:661,(anonymous_40)
FN:703,(anonymous_41)
FN:715,(anonymous_42)
FN:726,(anonymous_43)
FN:747,(anonymous_44)
FN:786,(anonymous_45)
FN:804,(anonymous_46)
FN:828,(anonymous_47)
FN:829,(anonymous_48)
FN:853,(anonymous_49)
FN:882,(anonymous_50)
FN:911,(anonymous_51)
FN:928,(anonymous_52)
FN:942,(anonymous_53)
FN:960,(anonymous_54)
FN:962,(anonymous_55)
FN:998,(anonymous_56)
FN:1000,(anonymous_57)
FN:1001,(anonymous_58)
FN:1034,(anonymous_59)
FN:1057,(anonymous_60)
FN:1072,(anonymous_61)
FN:1093,(anonymous_62)
FN:1105,(anonymous_63)
FN:1110,(anonymous_64)
FN:1116,(anonymous_65)
FN:1122,(anonymous_66)
FN:1126,(anonymous_67)
FN:1133,(anonymous_68)
FN:1136,(anonymous_69)
FN:1155,(anonymous_70)
FN:1158,(anonymous_71)
FN:1161,(anonymous_72)
FN:1162,(anonymous_73)
FN:1165,(anonymous_74)
FN:1174,(anonymous_75)
FNF:76
FNH:49
FNDA:3,getPlayerNames
FNDA:5,(anonymous_1)
FNDA:5,(anonymous_2)
FNDA:7,IoSbServer
FNDA:0,(anonymous_4)
FNDA:0,(anonymous_5)
FNDA:1,(anonymous_6)
FNDA:1,(anonymous_7)
FNDA:8,(anonymous_8)
FNDA:8,(anonymous_9)
FNDA:1,(anonymous_10)
FNDA:1,(anonymous_11)
FNDA:2,(anonymous_12)
FNDA:2,(anonymous_13)
FNDA:1,(anonymous_14)
FNDA:1,(anonymous_15)
FNDA:8,(anonymous_16)
FNDA:7,(anonymous_17)
FNDA:0,(anonymous_18)
FNDA:0,(anonymous_19)
FNDA:0,(anonymous_20)
FNDA:0,(anonymous_21)
FNDA:0,(anonymous_22)
FNDA:0,(anonymous_23)
FNDA:0,(anonymous_24)
FNDA:0,(anonymous_25)
FNDA:2,(anonymous_26)
FNDA:1,(anonymous_27)
FNDA:8,(anonymous_28)
FNDA:8,(anonymous_29)
FNDA:0,(anonymous_30)
FNDA:0,(anonymous_31)
FNDA:8,(anonymous_32)
FNDA:0,(anonymous_33)
FNDA:0,(anonymous_34)
FNDA:0,(anonymous_35)
FNDA:8,(anonymous_36)
FNDA:0,(anonymous_37)
FNDA:0,(anonymous_38)
FNDA:0,(anonymous_39)
FNDA:0,(anonymous_40)
FNDA:0,(anonymous_41)
FNDA:0,(anonymous_42)
FNDA:2,(anonymous_43)
FNDA:8,(anonymous_44)
FNDA:9,(anonymous_45)
FNDA:8,(anonymous_46)
FNDA:8,(anonymous_47)
FNDA:8,(anonymous_48)
FNDA:1,(anonymous_49)
FNDA:0,(anonymous_50)
FNDA:0,(anonymous_51)
FNDA:1,(anonymous_52)
FNDA:1,(anonymous_53)
FNDA:24,(anonymous_54)
FNDA:24,(anonymous_55)
FNDA:4,(anonymous_56)
FNDA:4,(anonymous_57)
FNDA:4,(anonymous_58)
FNDA:1,(anonymous_59)
FNDA:1,(anonymous_60)
FNDA:1,(anonymous_61)
FNDA:12,(anonymous_62)
FNDA:0,(anonymous_63)
FNDA:0,(anonymous_64)
FNDA:5,(anonymous_65)
FNDA:0,(anonymous_66)
FNDA:8,(anonymous_67)
FNDA:21,(anonymous_68)
FNDA:21,(anonymous_69)
FNDA:0,(anonymous_70)
FNDA:8,(anonymous_71)
FNDA:1,(anonymous_72)
FNDA:1,(anonymous_73)
FNDA:1,(anonymous_74)
FNDA:3,(anonymous_75)
DA:3,8
DA:4,8
DA:5,8
DA:6,8
DA:8,8
DA:9,8
DA:10,8
DA:19,3
DA:20,5
DA:21,5
DA:34,7
DA:35,7
DA:37,7
DA:177,7
DA:236,7
DA:237,7
DA:239,7
DA:240,7
DA:241,7
DA:243,7
DA:246,7
DA:247,7
DA:248,7
DA:249,7
DA:251,7
DA:252,7
DA:254,7
DA:265,0
DA:266,0
DA:268,1
DA:269,0
DA:270,0
DA:272,1
DA:273,1
DA:274,1
DA:275,1
DA:277,1
DA:280,1
DA:281,1
DA:289,7
DA:291,7
DA:292,7
DA:293,7
DA:294,7
DA:295,7
DA:306,7
DA:307,8
DA:308,8
DA:309,8
DA:310,8
DA:311,8
DA:321,7
DA:322,8
DA:323,8
DA:324,8
DA:338,7
DA:339,1
DA:340,1
DA:341,0
DA:342,0
DA:344,1
DA:345,0
DA:346,0
DA:348,1
DA:349,1
DA:350,1
DA:361,7
DA:362,1
DA:378,7
DA:379,2
DA:380,2
DA:381,2
DA:383,2
DA:384,2
DA:385,2
DA:386,1
DA:388,2
DA:389,1
DA:390,1
DA:392,0
DA:395,2
DA:396,1
DA:398,1
DA:403,7
DA:417,7
DA:418,1
DA:419,1
DA:423,1
DA:436,7
DA:437,8
DA:438,8
DA:439,8
DA:440,0
DA:441,0
DA:443,8
DA:464,7
DA:465,7
DA:466,7
DA:467,5
DA:468,0
DA:470,5
DA:472,2
DA:474,0
DA:475,0
DA:476,0
DA:478,0
DA:479,0
DA:480,0
DA:481,0
DA:482,0
DA:483,0
DA:484,0
DA:485,0
DA:493,0
DA:500,0
DA:501,0
DA:506,0
DA:508,0
DA:510,2
DA:516,7
DA:517,2
DA:518,2
DA:519,2
DA:526,7
DA:527,1
DA:528,1
DA:529,1
DA:530,1
DA:532,1
DA:533,1
DA:535,1
DA:546,7
DA:547,8
DA:548,8
DA:549,8
DA:561,7
DA:562,8
DA:563,8
DA:564,0
DA:565,0
DA:566,0
DA:567,0
DA:570,0
DA:572,0
DA:573,0
DA:595,7
DA:596,8
DA:597,8
DA:598,8
DA:599,136
DA:600,0
DA:601,0
DA:602,0
DA:610,8
DA:611,8
DA:621,7
DA:622,0
DA:623,0
DA:625,7
DA:626,8
DA:627,8
DA:628,8
DA:629,8
DA:630,0
DA:645,7
DA:646,0
DA:647,0
DA:650,0
DA:661,7
DA:662,0
DA:663,0
DA:664,0
DA:665,0
DA:666,0
DA:667,0
DA:668,0
DA:669,0
DA:670,0
DA:671,0
DA:673,0
DA:674,0
DA:677,0
DA:678,0
DA:681,0
DA:682,0
DA:683,0
DA:684,0
DA:686,0
DA:687,0
DA:690,0
DA:691,0
DA:694,0
DA:695,0
DA:699,0
DA:701,0
DA:702,0
DA:703,0
DA:704,0
DA:714,0
DA:715,0
DA:726,7
DA:728,2
DA:729,1
DA:731,1
DA:733,2
DA:734,2
DA:736,2
DA:747,7
DA:748,8
DA:749,8
DA:750,8
DA:751,136
DA:752,0
DA:753,0
DA:754,0
DA:755,0
DA:760,8
DA:761,8
DA:762,8
DA:763,7
DA:765,8
DA:766,8
DA:767,8
DA:768,7
DA:770,8
DA:771,8
DA:772,8
DA:773,7
DA:786,7
DA:787,9
DA:788,9
DA:789,1
DA:790,1
DA:804,7
DA:805,8
DA:806,8
DA:807,8
DA:808,0
DA:809,0
DA:810,0
DA:812,0
DA:813,0
DA:828,7
DA:829,8
DA:830,8
DA:831,8
DA:832,0
DA:833,0
DA:834,0
DA:836,0
DA:853,7
DA:854,1
DA:856,1
DA:857,0
DA:859,1
DA:860,1
DA:861,1
DA:862,1
DA:863,0
DA:865,1
DA:866,0
DA:868,1
DA:869,1
DA:882,7
DA:883,0
DA:884,0
DA:885,0
DA:886,0
DA:887,0
DA:888,0
DA:891,0
DA:892,0
DA:893,0
DA:894,0
DA:895,0
DA:897,0
DA:899,0
DA:911,7
DA:912,0
DA:913,0
DA:914,0
DA:915,0
DA:928,7
DA:929,1
DA:930,1
DA:931,1
DA:932,1
DA:933,1
DA:942,7
DA:943,1
DA:944,1
DA:945,1
DA:960,7
DA:961,24
DA:962,24
DA:963,24
DA:964,24
DA:965,24
DA:966,24
DA:967,24
DA:968,24
DA:971,0
DA:972,0
DA:974,0
DA:975,0
DA:977,0
DA:978,0
DA:979,0
DA:980,0
DA:998,7
DA:999,4
DA:1000,4
DA:1001,4
DA:1002,4
DA:1003,3
DA:1004,3
DA:1005,3
DA:1006,3
DA:1008,1
DA:1009,0
DA:1011,1
DA:1012,1
DA:1014,1
DA:1015,1
DA:1016,0
DA:1017,0
DA:1019,1
DA:1020,1
DA:1034,7
DA:1035,1
DA:1036,1
DA:1037,1
DA:1038,1
DA:1039,1
DA:1040,1
DA:1041,0
DA:1043,1
DA:1044,1
DA:1045,0
DA:1047,1
DA:1057,7
DA:1058,1
DA:1059,1
DA:1060,1
DA:1061,1
DA:1062,1
DA:1072,7
DA:1073,1
DA:1074,1
DA:1075,1
DA:1076,1
DA:1078,0
DA:1079,0
DA:1093,7
DA:1094,12
DA:1095,12
DA:1096,10
DA:1097,10
DA:1098,10
DA:1099,2
DA:1100,0
DA:1101,0
DA:1102,0
DA:1105,7
DA:1106,0
DA:1107,0
DA:1108,0
DA:1110,7
DA:1111,0
DA:1112,0
DA:1113,0
DA:1114,0
DA:1116,7
DA:1117,5
DA:1118,5
DA:1119,5
DA:1120,5
DA:1122,7
DA:1123,0
DA:1124,0
DA:1126,7
DA:1127,8
DA:1128,8
DA:1133,7
DA:1134,21
DA:1135,21
DA:1136,21
DA:1137,21
DA:1142,21
DA:1143,21
DA:1147,0
DA:1148,0
DA:1152,21
DA:1153,21
DA:1155,7
DA:1156,0
DA:1158,7
DA:1159,8
DA:1161,7
DA:1162,1
DA:1163,1
DA:1165,1
DA:1166,1
DA:1167,0
DA:1169,1
DA:1174,7
DA:1175,3
DA:1176,1
DA:1178,2
DA:1179,1
DA:1181,1
DA:1182,1
DA:1195,7
DA:1196,7
DA:1198,8
DA:1199,8
LF:416
LH:277
BRDA:18,0,0,1
BRDA:21,1,0,5
BRDA:21,1,1,4
BRDA:259,2,0,7
BRDA:259,2,1,6
BRDA:268,3,0,0
BRDA:268,3,1,1
BRDA:273,4,0,1
BRDA:273,4,1,0
BRDA:273,5,0,1
BRDA:273,5,1,1
BRDA:274,6,0,1
BRDA:274,6,1,0
BRDA:340,7,0,0
BRDA:340,7,1,1
BRDA:344,8,0,0
BRDA:344,8,1,1
BRDA:348,9,0,1
BRDA:348,9,1,0
BRDA:381,10,0,2
BRDA:381,10,1,0
BRDA:383,11,0,2
BRDA:383,11,1,1
BRDA:385,12,0,1
BRDA:385,12,1,1
BRDA:388,13,0,1
BRDA:388,13,1,1
BRDA:395,14,0,1
BRDA:395,14,1,1
BRDA:395,15,0,2
BRDA:395,15,1,2
BRDA:419,16,0,1
BRDA:419,16,1,0
BRDA:439,17,0,0
BRDA:439,17,1,8
BRDA:466,18,0,5
BRDA:466,18,1,2
BRDA:532,19,0,1
BRDA:532,19,1,0
BRDA:563,20,0,0
BRDA:563,20,1,8
BRDA:563,21,0,8
BRDA:563,21,1,8
BRDA:566,22,0,0
BRDA:566,22,1,0
BRDA:599,23,0,0
BRDA:599,23,1,136
BRDA:669,24,0,0
BRDA:669,24,1,0
BRDA:670,25,0,0
BRDA:670,25,1,0
BRDA:673,26,0,0
BRDA:673,26,1,0
BRDA:677,27,0,0
BRDA:677,27,1,0
BRDA:681,28,0,0
BRDA:681,28,1,0
BRDA:683,29,0,0
BRDA:683,29,1,0
BRDA:683,30,0,0
BRDA:683,30,1,0
BRDA:684,31,0,0
BRDA:684,31,1,0
BRDA:686,32,0,0
BRDA:686,32,1,0
BRDA:690,33,0,0
BRDA:690,33,1,0
BRDA:694,34,0,0
BRDA:694,34,1,0
BRDA:714,35,0,0
BRDA:714,35,1,0
BRDA:726,36,0,2
BRDA:728,37,0,1
BRDA:728,37,1,1
BRDA:733,38,0,2
BRDA:733,38,1,0
BRDA:751,39,0,0
BRDA:751,39,1,136
BRDA:753,40,0,0
BRDA:753,40,1,0
BRDA:754,41,0,0
BRDA:754,41,1,0
BRDA:762,42,0,7
BRDA:762,42,1,1
BRDA:767,43,0,7
BRDA:767,43,1,1
BRDA:772,44,0,7
BRDA:772,44,1,1
BRDA:789,45,0,1
BRDA:789,45,1,0
BRDA:808,46,0,0
BRDA:808,46,1,0
BRDA:809,47,0,0
BRDA:809,47,1,0
BRDA:812,48,0,0
BRDA:812,48,1,0
BRDA:830,49,0,8
BRDA:830,49,1,0
BRDA:831,50,0,0
BRDA:831,50,1,8
BRDA:834,51,0,0
BRDA:834,51,1,0
BRDA:856,52,0,0
BRDA:856,52,1,1
BRDA:856,53,0,1
BRDA:856,53,1,1
BRDA:856,53,2,1
BRDA:862,54,0,0
BRDA:862,54,1,1
BRDA:865,55,0,0
BRDA:865,55,1,1
BRDA:868,56,0,1
BRDA:868,56,1,0
BRDA:885,57,0,0
BRDA:885,57,1,0
BRDA:886,58,0,0
BRDA:886,58,1,0
BRDA:891,59,0,0
BRDA:891,59,1,0
BRDA:892,60,0,0
BRDA:892,60,1,0
BRDA:914,61,0,0
BRDA:914,61,1,0
BRDA:932,62,0,1
BRDA:932,62,1,0
BRDA:944,63,0,1
BRDA:944,63,1,0
BRDA:963,64,0,24
BRDA:963,64,1,0
BRDA:967,65,0,24
BRDA:967,65,1,0
BRDA:971,66,0,0
BRDA:971,66,1,0
BRDA:974,67,0,0
BRDA:974,67,1,0
BRDA:978,68,0,0
BRDA:978,68,1,0
BRDA:1002,69,0,3
BRDA:1002,69,1,1
BRDA:1008,70,0,0
BRDA:1008,70,1,1
BRDA:1011,71,0,1
BRDA:1011,71,1,0
BRDA:1015,72,0,0
BRDA:1015,72,1,1
BRDA:1019,73,0,1
BRDA:1019,73,1,1
BRDA:1019,73,2,0
BRDA:1019,73,3,0
BRDA:1020,74,0,1
BRDA:1020,74,1,0
BRDA:1040,75,0,0
BRDA:1040,75,1,1
BRDA:1040,76,0,1
BRDA:1040,76,1,1
BRDA:1078,77,0,0
BRDA:1078,77,1,0
BRDA:1093,78,0,12
BRDA:1094,79,0,12
BRDA:1094,79,1,0
BRDA:1094,80,0,0
BRDA:1094,80,1,12
BRDA:1095,81,0,10
BRDA:1095,81,1,2
BRDA:1095,82,0,12
BRDA:1095,82,1,10
BRDA:1099,83,0,0
BRDA:1099,83,1,2
BRDA:1105,84,0,0
BRDA:1105,85,0,0
BRDA:1106,86,0,0
BRDA:1106,86,1,0
BRDA:1106,87,0,0
BRDA:1106,87,1,0
BRDA:1111,88,0,0
BRDA:1111,88,1,0
BRDA:1111,89,0,0
BRDA:1111,89,1,0
BRDA:1117,90,0,5
BRDA:1117,90,1,0
BRDA:1117,91,0,5
BRDA:1117,91,1,0
BRDA:1123,92,0,0
BRDA:1123,92,1,0
BRDA:1123,93,0,0
BRDA:1123,93,1,0
BRDA:1127,94,0,8
BRDA:1127,94,1,0
BRDA:1127,95,0,0
BRDA:1127,95,1,8
BRDA:1134,96,0,21
BRDA:1134,96,1,0
BRDA:1134,97,0,0
BRDA:1134,97,1,21
BRDA:1142,98,0,21
BRDA:1142,98,1,0
BRDA:1143,99,0,0
BRDA:1143,99,1,21
BRDA:1147,100,0,0
BRDA:1147,100,1,0
BRDA:1166,101,0,0
BRDA:1166,101,1,1
BRDA:1175,102,0,1
BRDA:1175,102,1,2
BRDA:1178,103,0,1
BRDA:1178,103,1,1
BRF:206
BRH:90
end_of_record
TN:
SF:lib\lms\client.js
FN:15,createLmsClient
FNF:1
FNH:1
FNDA:2,createLmsClient
DA:3,1
DA:4,1
DA:16,2
DA:17,1
DA:19,1
DA:22,1
LF:6
LH:6
BRDA:16,0,0,1
BRDA:16,0,1,1
BRF:2
BRH:2
end_of_record
TN:
SF:lib\lms\connection.js
FN:37,(anonymous_0)
FN:49,(anonymous_1)
FN:56,(anonymous_2)
FN:71,(anonymous_3)
FN:82,(anonymous_4)
FN:87,(anonymous_5)
FN:100,createLmsConnection
FNF:7
FNH:6
FNDA:4,(anonymous_0)
FNDA:0,(anonymous_1)
FNDA:3,(anonymous_2)
FNDA:1,(anonymous_3)
FNDA:1,(anonymous_4)
FNDA:4,(anonymous_5)
FNDA:1,createLmsConnection
DA:3,1
DA:4,1
DA:38,4
DA:39,4
DA:40,4
DA:42,4
DA:43,1
DA:44,1
DA:49,0
DA:57,3
DA:58,1
DA:60,3
DA:72,1
DA:83,1
DA:88,4
DA:89,4
DA:90,4
DA:101,1
DA:104,1
LF:19
LH:18
BRDA:38,0,0,4
BRDA:38,0,1,0
BRDA:42,1,0,1
BRDA:42,1,1,3
BRDA:42,2,0,4
BRDA:42,2,1,3
BRDA:43,3,0,1
BRDA:43,3,1,0
BRDA:46,4,0,1
BRDA:46,4,1,0
BRDA:49,5,0,1
BRDA:49,5,1,0
BRDA:57,6,0,1
BRDA:57,6,1,2
BRDA:57,7,0,3
BRDA:57,7,1,1
BRF:16
BRH:12
end_of_record
TN:
SF:lib\lms\discovery.js
FN:17,parseDiscoveryResponse
FN:43,createDiscoveryRequest
FN:60,(anonymous_2)
FN:65,(anonymous_3)
FN:75,(anonymous_4)
FN:81,(anonymous_5)
FN:87,(anonymous_6)
FN:89,(anonymous_7)
FN:93,(anonymous_8)
FN:94,(anonymous_9)
FN:98,(anonymous_10)
FN:109,(anonymous_11)
FN:114,(anonymous_12)
FN:118,(anonymous_13)
FN:120,(anonymous_14)
FN:124,(anonymous_15)
FNF:16
FNH:12
FNDA:4,parseDiscoveryResponse
FNDA:3,createDiscoveryRequest
FNDA:1,(anonymous_2)
FNDA:0,(anonymous_3)
FNDA:1,(anonymous_4)
FNDA:1,(anonymous_5)
FNDA:0,(anonymous_6)
FNDA:0,(anonymous_7)
FNDA:1,(anonymous_8)
FNDA:1,(anonymous_9)
FNDA:1,(anonymous_10)
FNDA:1,(anonymous_11)
FNDA:0,(anonymous_12)
FNDA:1,(anonymous_13)
FNDA:1,(anonymous_14)
FNDA:1,(anonymous_15)
DA:3,1
DA:5,1
DA:6,1
DA:7,1
DA:18,4
DA:19,1
DA:22,3
DA:23,3
DA:24,3
DA:25,5
DA:26,0
DA:28,5
DA:29,5
DA:30,5
DA:31,5
DA:32,1
DA:34,4
DA:35,4
DA:37,2
DA:38,2
DA:39,2
DA:44,3
DA:61,1
DA:62,1
DA:63,1
DA:64,1
DA:65,1
DA:66,1
DA:67,1
DA:68,1
DA:69,1
DA:70,1
DA:71,1
DA:76,1
DA:77,0
DA:79,1
DA:80,1
DA:81,1
DA:82,1
DA:83,1
DA:84,0
DA:86,1
DA:87,1
DA:89,1
DA:90,0
DA:91,0
DA:93,1
DA:94,1
DA:99,1
DA:100,0
DA:102,1
DA:103,1
DA:104,1
DA:105,0
DA:106,0
DA:109,1
DA:110,1
DA:111,0
DA:114,1
DA:119,1
DA:120,1
DA:125,1
DA:126,1
DA:127,1
DA:128,1
DA:132,1
DA:133,1
DA:134,1
DA:135,0
DA:137,1
DA:138,1
DA:140,0
DA:145,1
LF:73
LH:62
BRDA:17,0,0,3
BRDA:18,1,0,1
BRDA:18,1,1,3
BRDA:18,2,0,4
BRDA:18,2,1,4
BRDA:18,2,2,4
BRDA:25,3,0,0
BRDA:25,3,1,5
BRDA:31,4,0,1
BRDA:31,4,1,4
BRDA:65,5,0,1
BRDA:65,5,1,1
BRDA:68,6,0,1
BRDA:68,6,1,0
BRDA:76,7,0,0
BRDA:76,7,1,1
BRDA:76,8,0,1
BRDA:76,8,1,1
BRDA:83,9,0,0
BRDA:83,9,1,1
BRDA:99,10,0,0
BRDA:99,10,1,1
BRDA:99,11,0,1
BRDA:99,11,1,1
BRDA:104,12,0,0
BRDA:104,12,1,1
BRDA:110,13,0,0
BRDA:110,13,1,1
BRDA:134,14,0,0
BRDA:134,14,1,1
BRF:30
BRH:22
end_of_record
TN:
SF:lib\lms\jsonRpcClient.js
FN:17,(anonymous_0)
FN:30,(anonymous_1)
FN:33,(anonymous_2)
FN:38,(anonymous_3)
FN:53,(anonymous_4)
FN:71,(anonymous_5)
FN:75,(anonymous_6)
FN:83,(anonymous_7)
FN:119,(anonymous_8)
FN:125,(anonymous_9)
FN:133,(anonymous_10)
FNF:11
FNH:10
FNDA:4,(anonymous_0)
FNDA:1,(anonymous_1)
FNDA:1,(anonymous_2)
FNDA:4,(anonymous_3)
FNDA:4,(anonymous_4)
FNDA:4,(anonymous_5)
FNDA:4,(anonymous_6)
FNDA:4,(anonymous_7)
FNDA:0,(anonymous_8)
FNDA:1,(anonymous_9)
FNDA:3,(anonymous_10)
DA:4,1
DA:5,1
DA:7,1
DA:8,1
DA:18,4
DA:19,4
DA:20,4
DA:21,4
DA:22,4
DA:24,4
DA:31,1
DA:32,1
DA:33,1
DA:35,1
DA:39,4
DA:40,0
DA:42,4
DA:43,0
DA:46,4
DA:47,4
DA:53,4
DA:54,4
DA:55,4
DA:60,4
DA:61,1
DA:64,4
DA:72,4
DA:73,4
DA:75,4
DA:76,4
DA:77,4
DA:78,0
DA:79,0
DA:81,4
DA:83,4
DA:84,4
DA:85,4
DA:86,1
DA:87,1
DA:90,3
DA:91,3
DA:92,0
DA:93,0
DA:97,3
DA:98,3
DA:100,1
DA:101,1
DA:104,2
DA:105,1
DA:106,1
DA:107,1
DA:109,1
DA:110,0
DA:111,0
DA:114,1
DA:119,4
DA:120,4
DA:121,4
DA:126,1
DA:134,3
DA:135,3
DA:139,1
LF:62
LH:54
BRDA:17,0,0,3
BRDA:17,1,0,3
BRDA:17,2,0,4
BRDA:17,3,0,4
BRDA:23,4,0,1
BRDA:23,4,1,3
BRDA:23,5,0,4
BRDA:23,5,1,1
BRDA:25,6,0,0
BRDA:25,6,1,4
BRDA:32,7,0,1
BRDA:32,7,1,0
BRDA:39,8,0,0
BRDA:39,8,1,4
BRDA:42,9,0,0
BRDA:42,9,1,4
BRDA:46,10,0,4
BRDA:46,10,1,3
BRDA:54,11,0,0
BRDA:54,11,1,4
BRDA:60,12,0,1
BRDA:60,12,1,3
BRDA:77,13,0,0
BRDA:77,13,1,4
BRDA:84,14,0,4
BRDA:84,14,1,0
BRDA:85,15,0,1
BRDA:85,15,1,3
BRDA:85,16,0,4
BRDA:85,16,1,4
BRDA:86,17,0,1
BRDA:86,17,1,0
BRDA:91,18,0,0
BRDA:91,18,1,3
BRDA:104,19,0,1
BRDA:104,19,1,1
BRDA:105,20,0,1
BRDA:105,20,1,0
BRDA:105,20,2,0
BRDA:109,21,0,0
BRDA:109,21,1,1
BRDA:114,22,0,1
BRDA:114,22,1,1
BRDA:128,23,0,1
BRDA:128,23,1,0
BRDA:128,24,0,0
BRDA:128,24,1,0
BRF:47
BRH:32
end_of_record
TN:
SF:lib\lms\telnetEventClient.js
FN:14,decodeLine
FN:28,parsePlayerEvent
FN:49,(anonymous_2)
FN:55,(anonymous_3)
FN:62,(anonymous_4)
FN:67,(anonymous_5)
FN:76,(anonymous_6)
FN:77,(anonymous_7)
FN:78,(anonymous_8)
FN:82,(anonymous_9)
FN:83,(anonymous_10)
FN:112,(anonymous_11)
FNF:12
FNH:9
FNDA:4,decodeLine
FNDA:4,parsePlayerEvent
FNDA:3,(anonymous_2)
FNDA:5,(anonymous_3)
FNDA:4,(anonymous_4)
FNDA:1,(anonymous_5)
FNDA:3,(anonymous_6)
FNDA:0,(anonymous_7)
FNDA:1,(anonymous_8)
FNDA:0,(anonymous_9)
FNDA:0,(anonymous_10)
FNDA:2,(anonymous_11)
DA:3,1
DA:5,1
DA:15,4
DA:16,4
DA:18,0
DA:29,4
DA:30,4
DA:31,1
DA:33,3
DA:50,3
DA:51,3
DA:52,3
DA:53,3
DA:54,3
DA:55,5
DA:56,3
DA:57,3
DA:58,3
DA:63,4
DA:64,1
DA:67,3
DA:68,1
DA:69,1
DA:70,1
DA:72,1
DA:74,3
DA:76,3
DA:77,3
DA:78,3
DA:79,1
DA:80,1
DA:82,3
DA:83,3
DA:84,0
DA:85,0
DA:86,0
DA:88,0
DA:96,3
DA:97,3
DA:98,3
DA:101,3
DA:102,2
DA:103,2
DA:104,2
DA:105,2
DA:106,2
DA:113,2
DA:114,2
DA:115,2
DA:116,2
DA:117,1
DA:122,1
LF:52
LH:47
BRDA:30,0,0,1
BRDA:30,0,1,3
BRDA:52,1,0,3
BRDA:52,1,1,2
BRDA:53,2,0,3
BRDA:53,2,1,2
BRDA:55,3,0,3
BRDA:55,3,1,3
BRDA:56,4,0,3
BRDA:56,4,1,0
BRDA:63,5,0,1
BRDA:63,5,1,3
BRDA:69,6,0,1
BRDA:69,6,1,0
BRDA:69,7,0,1
BRDA:69,7,1,0
BRDA:84,8,0,0
BRDA:84,8,1,0
BRDA:85,9,0,0
BRDA:85,9,1,0
BRDA:105,10,0,2
BRDA:105,10,1,0
BRDA:116,11,0,1
BRDA:116,11,1,1
BRDA:116,12,0,2
BRDA:116,12,1,1
BRF:26
BRH:18
end_of_record
TN:
SF:lib\lms\webSocketClient.js
FN:37,createWebSocketUrl
FN:78,(anonymous_1)
FN:83,(anonymous_2)
FN:84,(anonymous_3)
FN:101,(anonymous_4)
FN:102,(anonymous_5)
FN:113,(anonymous_6)
FN:116,(anonymous_7)
FN:128,(anonymous_8)
FN:144,(anonymous_9)
FN:145,(anonymous_10)
FN:188,(anonymous_11)
FN:211,(anonymous_12)
FN:237,(anonymous_13)
FN:246,(anonymous_14)
FN:254,(anonymous_15)
FN:255,(anonymous_16)
FN:263,(anonymous_17)
FN:329,(anonymous_18)
FNF:19
FNH:14
FNDA:7,createWebSocketUrl
FNDA:5,(anonymous_1)
FNDA:0,(anonymous_2)
FNDA:8,(anonymous_3)
FNDA:1,(anonymous_4)
FNDA:0,(anonymous_5)
FNDA:1,(anonymous_6)
FNDA:1,(anonymous_7)
FNDA:3,(anonymous_8)
FNDA:4,(anonymous_9)
FNDA:0,(anonymous_10)
FNDA:4,(anonymous_11)
FNDA:5,(anonymous_12)
FNDA:4,(anonymous_13)
FNDA:4,(anonymous_14)
FNDA:5,(anonymous_15)
FNDA:0,(anonymous_16)
FNDA:4,(anonymous_17)
FNDA:0,(anonymous_18)
DA:3,1
DA:5,1
DA:6,1
DA:7,1
DA:8,1
DA:9,1
DA:38,7
DA:39,7
DA:40,5
DA:42,2
DA:43,0
DA:45,2
DA:46,2
DA:47,1
DA:48,1
DA:49,1
DA:50,0
DA:51,0
DA:53,2
DA:54,1
DA:56,2
DA:79,5
DA:80,5
DA:81,5
DA:82,5
DA:83,5
DA:84,8
DA:85,5
DA:86,5
DA:87,5
DA:88,5
DA:89,5
DA:90,5
DA:91,5
DA:92,5
DA:93,5
DA:94,5
DA:95,5
DA:96,5
DA:97,5
DA:102,1
DA:114,1
DA:115,1
DA:116,1
DA:118,1
DA:129,3
DA:130,0
DA:132,3
DA:133,3
DA:134,1
DA:136,2
DA:140,4
DA:141,4
DA:142,4
DA:144,4
DA:145,4
DA:146,0
DA:147,0
DA:149,4
DA:150,4
DA:151,4
DA:153,0
DA:154,0
DA:155,0
DA:161,3
DA:162,2
DA:164,1
DA:165,1
DA:166,1
DA:167,1
DA:168,1
DA:171,0
DA:175,1
DA:176,1
DA:177,1
DA:181,1
DA:182,2
DA:183,2
DA:184,2
DA:185,2
DA:186,2
DA:187,2
DA:188,4
DA:191,2
DA:192,1
DA:193,1
DA:194,1
DA:195,1
DA:197,1
DA:198,1
DA:201,2
DA:202,2
DA:203,2
DA:204,1
DA:207,1
DA:212,5
DA:213,5
DA:214,0
DA:215,0
DA:217,5
DA:218,5
DA:219,5
DA:220,5
DA:221,5
DA:222,4
DA:227,5
DA:228,0
DA:230,5
DA:231,1
DA:233,4
DA:234,0
DA:237,4
DA:238,4
DA:239,4
DA:240,1
DA:242,4
DA:243,4
DA:244,4
DA:246,4
DA:247,4
DA:248,4
DA:249,4
DA:250,4
DA:251,4
DA:252,4
DA:254,5
DA:255,4
DA:256,0
DA:257,0
DA:258,0
DA:259,0
DA:260,0
DA:263,4
DA:264,4
DA:265,4
DA:266,0
DA:268,4
DA:269,0
DA:270,0
DA:271,0
DA:273,4
DA:274,4
DA:277,4
DA:282,5
DA:283,5
DA:285,0
DA:286,0
DA:289,5
DA:290,1
DA:291,1
DA:296,1
DA:299,4
DA:300,4
DA:301,0
DA:303,4
DA:304,4
DA:305,4
DA:306,1
DA:307,1
DA:308,1
DA:310,3
DA:311,0
DA:312,0
DA:314,3
DA:318,9
DA:319,0
DA:320,0
DA:322,9
DA:326,4
DA:327,4
DA:329,0
DA:330,0
DA:331,0
DA:336,0
DA:337,0
DA:338,0
DA:339,0
DA:344,1
DA:352,1
LF:179
LH:142
BRDA:39,0,0,5
BRDA:39,0,1,2
BRDA:42,1,0,0
BRDA:42,1,1,2
BRDA:46,2,0,1
BRDA:46,2,1,1
BRDA:48,3,0,1
BRDA:48,3,1,0
BRDA:50,4,0,0
BRDA:50,4,1,0
BRDA:50,5,0,0
BRDA:50,5,1,0
BRDA:53,6,0,1
BRDA:53,6,1,1
BRDA:80,7,0,0
BRDA:80,7,1,5
BRDA:81,8,0,5
BRDA:81,8,1,4
BRDA:82,9,0,5
BRDA:82,9,1,4
BRDA:83,10,0,5
BRDA:83,10,1,4
BRDA:84,11,0,5
BRDA:84,11,1,5
BRDA:85,12,0,5
BRDA:85,12,1,5
BRDA:86,13,0,5
BRDA:86,13,1,5
BRDA:87,14,0,5
BRDA:87,14,1,5
BRDA:88,15,0,5
BRDA:88,15,1,5
BRDA:89,16,0,5
BRDA:89,16,1,5
BRDA:90,17,0,5
BRDA:90,17,1,1
BRDA:115,18,0,1
BRDA:115,18,1,0
BRDA:129,19,0,0
BRDA:129,19,1,3
BRDA:133,20,0,1
BRDA:133,20,1,2
BRDA:142,21,0,4
BRDA:142,21,1,1
BRDA:161,22,0,2
BRDA:161,22,1,1
BRDA:167,23,0,1
BRDA:167,23,1,0
BRDA:167,24,0,1
BRDA:167,24,1,1
BRDA:167,24,2,1
BRDA:167,24,3,1
BRDA:188,25,0,4
BRDA:188,25,1,2
BRDA:191,26,0,1
BRDA:191,26,1,1
BRDA:192,27,0,1
BRDA:192,27,1,0
BRDA:194,28,0,1
BRDA:194,28,1,0
BRDA:197,29,0,1
BRDA:197,29,1,0
BRDA:197,30,0,1
BRDA:197,30,1,1
BRDA:201,31,0,2
BRDA:201,31,1,0
BRDA:203,32,0,1
BRDA:203,32,1,1
BRDA:203,33,0,2
BRDA:203,33,1,2
BRDA:213,34,0,0
BRDA:213,34,1,5
BRDA:221,35,0,4
BRDA:221,35,1,1
BRDA:221,36,0,5
BRDA:221,36,1,4
BRDA:227,37,0,0
BRDA:227,37,1,5
BRDA:230,38,0,1
BRDA:230,38,1,4
BRDA:233,39,0,0
BRDA:233,39,1,4
BRDA:239,40,0,1
BRDA:239,40,1,3
BRDA:239,41,0,4
BRDA:239,41,1,1
BRDA:257,42,0,0
BRDA:257,42,1,0
BRDA:265,43,0,0
BRDA:265,43,1,4
BRDA:268,44,0,0
BRDA:268,44,1,4
BRDA:289,45,0,1
BRDA:289,45,1,4
BRDA:290,46,0,0
BRDA:290,47,0,0
BRDA:290,48,0,0
BRDA:293,49,0,1
BRDA:293,49,1,0
BRDA:294,50,0,1
BRDA:294,50,1,0
BRDA:294,51,0,1
BRDA:294,51,1,1
BRDA:300,52,0,0
BRDA:300,52,1,4
BRDA:305,53,0,1
BRDA:305,53,1,3
BRDA:306,54,0,1
BRDA:306,54,1,0
BRDA:306,54,2,0
BRDA:310,55,0,0
BRDA:310,55,1,3
BRDA:314,56,0,3
BRDA:314,56,1,3
BRDA:326,57,0,4
BRDA:326,57,1,0
BRDA:326,58,0,4
BRDA:326,58,1,0
BRDA:337,59,0,0
BRDA:337,59,1,0
BRDA:346,60,0,1
BRDA:346,60,1,0
BRDA:346,61,0,0
BRDA:346,61,1,0
BRF:124
BRH:87
end_of_record
